<?xml version="1.0" encoding="UTF-8"?>
<!-- Generated by org.testng.reporters.JUnitReportReporter -->
<testsuite skipped="0" hostname="Admin-PC" name="test.deleteFromCart" tests="1" failures="0" timestamp="19 May 2020 05:42:33 GMT" time="23.124" errors="0">
  <testcase name="deleteFromCartProduct" time="23.124" classname="test.deleteFromCart"/>
</testsuite> <!-- test.deleteFromCart -->
