<?xml version="1.0" encoding="UTF-8"?>
<!-- Generated by org.testng.reporters.JUnitReportReporter -->
<testsuite skipped="0" hostname="Admin-PC" name="test.addProductsToCart" tests="4" failures="0" timestamp="19 May 2020 05:42:33 GMT" time="81.856" errors="0">
  <testcase name="addCellPhoneToCart" time="19.671" classname="test.addProductsToCart"/>
  <testcase name="addUsedPhone" time="19.516" classname="test.addProductsToCart"/>
  <testcase name="verifytheadditionofcost" time="17.748" classname="test.addProductsToCart"/>
  <testcase name="verifytheoderplacemessage" time="24.921" classname="test.addProductsToCart"/>
</testsuite> <!-- test.addProductsToCart -->
