<?xml version="1.0" encoding="UTF-8"?>
<!-- Generated by org.testng.reporters.JUnitReportReporter -->
<testsuite skipped="0" hostname="Admin-PC" name="test.deleteFromCart" tests="1" failures="0" timestamp="17 May 2020 05:39:43 GMT" time="22.218" errors="0">
  <testcase name="deleteFromCartProduct" time="22.218" classname="test.deleteFromCart"/>
</testsuite> <!-- test.deleteFromCart -->
