<?xml version="1.0" encoding="UTF-8"?>
<!-- Generated by org.testng.reporters.JUnitReportReporter -->
<testsuite skipped="0" hostname="Admin-PC" name="test.addProductsToCart" tests="3" failures="0" timestamp="17 May 2020 05:39:43 GMT" time="58.372" errors="0">
  <testcase name="addCellPhoneToCart" time="20.927" classname="test.addProductsToCart"/>
  <testcase name="addUsedPhone" time="20.063" classname="test.addProductsToCart"/>
  <testcase name="verifytheadditionofcost" time="17.382" classname="test.addProductsToCart"/>
</testsuite> <!-- test.addProductsToCart -->
