<?xml version="1.0" encoding="UTF-8"?>
<!-- Generated by org.testng.reporters.JUnitReportReporter -->
<testsuite skipped="0" hostname="Admin-PC" name="test.test" tests="2" failures="0" timestamp="14 May 2020 11:46:24 GMT" time="76.452" errors="0">
  <testcase name="addCellPhoneToCart" time="36.162" classname="test.test"/>
  <testcase name="addUsedPhone" time="40.290" classname="test.test"/>
</testsuite> <!-- test.test -->
